[05:35:53] [Server thread/INFO]: Starting minecraft server version 1.7.4
[05:35:53] [Server thread/INFO]: Loading properties
[05:35:53] [Server thread/INFO]: Default game type: CREATIVE
[05:35:53] [Server thread/INFO]: Generating keypair
[05:35:53] [Server thread/INFO]: Starting Minecraft server on *:25567
[05:35:53] [Server thread/WARN]: Failed to load operators list: java.io.FileNotFoundException: ./ops.txt (No such file or directory)
[05:35:53] [Server thread/WARN]: Failed to load white-list: java.io.FileNotFoundException: ./white-list.txt (No such file or directory)
[05:35:53] [Server thread/INFO]: Preparing level "Pandora"
[05:35:54] [Server thread/INFO]: Preparing start region for level 0
[05:35:55] [Server thread/INFO]: Preparing spawn area: 21%
[05:35:56] [Server thread/INFO]: Done (2.143s)! For help, type "help" or "?"
[05:36:28] [User Authenticator #1/INFO]: UUID of player jmac217 is e8f3b9e7b2af4f648a7c3b5163d3292d
[05:36:28] [Server thread/INFO]: jmac217[/173.18.29.255:50751] logged in with entity id 283 at (131.5, 65.0, 225.5)
[05:36:28] [Server thread/INFO]: jmac217 joined the game
[05:36:52] [Server thread/INFO]: Opped jmac217
[05:36:56] [Server thread/INFO]: Opped grimioreshade
[05:37:11] [Server thread/INFO]: [jmac217: Teleported jmac217 to -35.5,59.5,432.5]
[05:37:12] [User Authenticator #2/INFO]: UUID of player GrimioreShade is 3b9aa34aed82486fa6e3c8262d988072
[05:37:12] [Server thread/INFO]: GrimioreShade[/67.45.101.75:52473] logged in with entity id 1367 at (-87.53799562851233, 84.0, 277.8559416826925)
[05:37:12] [Server thread/INFO]: GrimioreShade joined the game
[05:37:15] [Server thread/WARN]: Can't keep up! Did the system time change, or is the server overloaded? Running 2608ms behind, skipping 52 tick(s)
[05:37:56] [Server thread/INFO]: jmac217 has just earned the achievement [Taking Inventory]
[05:39:16] [Server thread/INFO]: [jmac217: Set GrimioreShade's game mode to Creative Mode]
[05:39:24] [Server thread/INFO]: [jmac217: Set GrimioreShade's game mode to Survival Mode]
[05:39:28] [Server thread/INFO]: [jmac217: Set GrimioreShade's game mode to Creative Mode]
[05:39:55] [Server thread/INFO]: [jmac217: Set the time to 1000]
[05:39:56] [Server thread/INFO]: [GrimioreShade: Set own game mode to Creative Mode]
[05:40:04] [Server thread/INFO]: [GrimioreShade: Set own game mode to Adventure Mode]
[05:41:28] [Server thread/INFO]: [jmac217: Set own game mode to Creative Mode]
[05:41:31] [Server thread/INFO]: [jmac217: Set own game mode to Survival Mode]
[05:44:20] [Server thread/INFO]: [jmac217: Set own game mode to Creative Mode]
[05:44:38] [Server thread/INFO]: [GrimioreShade: Set own game mode to Survival Mode]
[05:44:48] [Server thread/INFO]: [GrimioreShade: Set own game mode to Creative Mode]
[05:54:21] [Server thread/INFO]: [jmac217: Set own game mode to Survival Mode]
[05:54:52] [Server thread/INFO]: [jmac217: Set own game mode to Creative Mode]
[05:55:27] [Server thread/INFO]: GrimioreShade fell out of the world
[05:55:51] [Server thread/INFO]: GrimioreShade lost connection: TextComponent{text='You have died. Game over, man, it's game over!', siblings=[], style=Style{hasParent=false, color=null, bold=null, italic=null, underlined=null, obfuscated=null, clickEvent=null, hoverEvent=null}}
[05:55:51] [Server thread/INFO]: GrimioreShade left the game
[05:56:08] [Server thread/INFO]: jmac217 lost connection: TextComponent{text='Disconnected', siblings=[], style=Style{hasParent=false, color=null, bold=null, italic=null, underlined=null, obfuscated=null, clickEvent=null, hoverEvent=null}}
[05:56:08] [Server thread/INFO]: jmac217 left the game
[05:56:11] [Server thread/INFO]: Stopping the server
[05:56:11] [Server thread/INFO]: Stopping server
[05:56:11] [Server thread/INFO]: Saving players
[05:56:11] [Server thread/INFO]: Saving worlds
[05:56:11] [Server thread/INFO]: Saving chunks for level 'Pandora'/Overworld
[05:56:11] [Server thread/INFO]: Saving chunks for level 'Pandora'/Nether
[05:56:11] [Server thread/INFO]: Saving chunks for level 'Pandora'/The End
[05:56:12] [Server Shutdown Thread/INFO]: Stopping server
[05:56:12] [Server Shutdown Thread/INFO]: Saving players
[05:56:12] [Server Shutdown Thread/INFO]: Saving worlds
[05:56:12] [Server Shutdown Thread/INFO]: Saving chunks for level 'Pandora'/Overworld
