[05:08:20] [Server thread/INFO]: Starting minecraft server version 1.7.4
[05:08:20] [Server thread/INFO]: Loading properties
[05:08:20] [Server thread/INFO]: Default game type: SURVIVAL
[05:08:20] [Server thread/INFO]: Generating keypair
[05:08:20] [Server thread/INFO]: Starting Minecraft server on *:25567
[05:08:20] [Server thread/INFO]: Preparing level "Pandora"
[05:08:20] [Server thread/INFO]: Preparing start region for level 0
[05:08:21] [Server thread/INFO]: Preparing spawn area: 70%
[05:08:22] [Server thread/INFO]: Done (1.257s)! For help, type "help" or "?"
[05:09:23] [User Authenticator #1/INFO]: UUID of player jmac217 is e8f3b9e7b2af4f648a7c3b5163d3292d
[05:09:23] [Server thread/INFO]: jmac217[/173.18.29.255:50639] logged in with entity id 282 at (116.5, 75.0, 233.5)
[05:09:23] [Server thread/INFO]: jmac217 joined the game
[05:09:44] [Server thread/INFO]: Unknown command. Try /help for a list of commands
[05:10:16] [Server thread/INFO]: You must specify which player you wish to perform this action on.
[05:12:13] [Server thread/INFO]: Opped jmac217
[05:12:18] [Server thread/INFO]: Opped GrimioreShade
[05:12:34] [Server thread/INFO]: [jmac217: Teleported jmac217 to -35.5,59.5,432.5]
[05:13:20] [User Authenticator #2/INFO]: UUID of player GrimioreShade is 3b9aa34aed82486fa6e3c8262d988072
[05:13:20] [Server thread/INFO]: GrimioreShade[/67.45.101.75:51698] logged in with entity id 4270 at (-87.53799562851233, 84.0, 277.8559416826925)
[05:13:20] [Server thread/INFO]: GrimioreShade joined the game
[05:14:28] [Server thread/INFO]: [jmac217: Set own game mode to Survival Mode]
[05:14:36] [Server thread/INFO]: [jmac217: Set own game mode to Creative Mode]
[05:14:57] [Server thread/INFO]: GrimioreShade was killed by Witch using magic
[05:15:15] [Server thread/INFO]: GrimioreShade lost connection: TextComponent{text='You have died. Game over, man, it's game over!', siblings=[], style=Style{hasParent=false, color=null, bold=null, italic=null, underlined=null, obfuscated=null, clickEvent=null, hoverEvent=null}}
[05:15:15] [Server thread/INFO]: GrimioreShade left the game
[05:15:30] [Server thread/INFO]: jmac217 lost connection: TextComponent{text='Disconnected', siblings=[], style=Style{hasParent=false, color=null, bold=null, italic=null, underlined=null, obfuscated=null, clickEvent=null, hoverEvent=null}}
[05:15:30] [Server thread/INFO]: jmac217 left the game
[05:15:38] [Server thread/INFO]: Stopping the server
[05:15:38] [Server thread/INFO]: Stopping server
[05:15:38] [Server thread/INFO]: Saving players
[05:15:38] [Server thread/INFO]: Saving worlds
[05:15:38] [Server thread/INFO]: Saving chunks for level 'Pandora'/Overworld
[05:15:38] [Server thread/INFO]: Saving chunks for level 'Pandora'/Nether
[05:15:38] [Server thread/INFO]: Saving chunks for level 'Pandora'/The End
[05:15:38] [Server Shutdown Thread/INFO]: Stopping server
[05:15:38] [Server Shutdown Thread/INFO]: Saving players
[05:15:38] [Server Shutdown Thread/INFO]: Saving worlds
[05:15:38] [Server Shutdown Thread/INFO]: Saving chunks for level 'Pandora'/Overworld
